<?xml version="1.0" encoding="UTF-8"?>
<testng-results ignored="0" total="1" passed="1" failed="0" skipped="0">
  <reporter-output>
  </reporter-output>
  <suite started-at="2024-12-11T08:33:24 IST" name="Suite" finished-at="2024-12-11T08:33:59 IST" duration-ms="34962">
    <groups>
      <group name="Smoke">
        <method signature="HomePageTest.validateHomePage(java.lang.String,java.lang.String,java.lang.String,java.lang.String,java.lang.String,java.lang.String,java.lang.String)[pri:0, instance:testcases.HomePageTest@4c1909a3]" name="validateHomePage" class="testcases.HomePageTest"/>
      </group> <!-- Smoke -->
    </groups>
    <test started-at="2024-12-11T08:33:24 IST" name="Test" finished-at="2024-12-11T08:33:59 IST" duration-ms="34962">
      <class name="testcases.HomePageTest">
        <test-method is-config="true" signature="setupBrowser()[pri:0, instance:testcases.HomePageTest@4c1909a3]" started-at="2024-12-11T08:33:24 IST" name="setupBrowser" finished-at="2024-12-11T08:33:36 IST" duration-ms="11761" status="PASS">
          <reporter-output>
          </reporter-output>
        </test-method> <!-- setupBrowser -->
        <test-method signature="validateHomePage(java.lang.String,java.lang.String,java.lang.String,java.lang.String,java.lang.String,java.lang.String,java.lang.String)[pri:0, instance:testcases.HomePageTest@4c1909a3]" started-at="2024-12-11T08:33:37 IST" name="validateHomePage" description="This test will verify Home Page scenario" data-provider="newUsers" finished-at="2024-12-11T08:33:54 IST" duration-ms="17407" status="PASS">
          <params>
            <param index="0">
              <value>
                <![CDATA[Himanshu]]>
              </value>
            </param>
            <param index="1">
              <value>
                <![CDATA[Himanshu_123@gmail.com]]>
              </value>
            </param>
            <param index="2">
              <value>
                <![CDATA[test@123]]>
              </value>
            </param>
            <param index="3">
              <value>
                <![CDATA[Cypress]]>
              </value>
            </param>
            <param index="4">
              <value>
                <![CDATA[Male]]>
              </value>
            </param>
            <param index="5">
              <value>
                <![CDATA[Karnataka]]>
              </value>
            </param>
            <param index="6">
              <value>
                <![CDATA[Reading]]>
              </value>
            </param>
          </params>
          <reporter-output>
          </reporter-output>
        </test-method> <!-- validateHomePage -->
        <test-method is-config="true" signature="tearDown()[pri:0, instance:testcases.HomePageTest@4c1909a3]" started-at="2024-12-11T08:33:59 IST" name="tearDown" finished-at="2024-12-11T08:33:59 IST" duration-ms="374" status="PASS">
          <reporter-output>
          </reporter-output>
        </test-method> <!-- tearDown -->
      </class> <!-- testcases.HomePageTest -->
    </test> <!-- Test -->
  </suite> <!-- Suite -->
</testng-results>
