<?xml version="1.0" encoding="UTF-8"?>
<testsuite xmlns:xsi="http://www.w3.org/2001/XMLSchema-instance" xsi:noNamespaceSchemaLocation="https://maven.apache.org/surefire/maven-surefire-plugin/xsd/surefire-test-report.xsd" version="3.0.2" name="TestSuite" time="36.471" tests="1" errors="0" skipped="0" failures="0">
  <properties>
[...]
</properties>
  <testcase name="validateHomePage[Himanshu, Himanshu_123@gmail.com, test@123, Cypress, Male, Karnataka, Reading](1)" classname="testcases.HomePageTest" time="21.62">
    <system-out><![CDATA[LOG:INFO - Setting Up Browser
LOG:INFO - Setting up RemoteWebDriver for Chrome in cloud mode
LOG:INFO - Application is up and running
LOG:INFO - Generating Test Data For The Test
LOG:INFO - Test Data Generated
]]></system-out>
    <system-err><![CDATA[SLF4J: Failed to load class "org.slf4j.impl.StaticLoggerBinder".
SLF4J: Defaulting to no-operation (NOP) logger implementation
SLF4J: See http://www.slf4j.org/codes.html#StaticLoggerBinder for further details.
Dec 11, 2024 8:33:33 AM org.openqa.selenium.remote.tracing.opentelemetry.OpenTelemetryTracer createTracer
INFO: Using OpenTelemetry for tracing
]]></system-err>
  </testcase>
</testsuite>